
If holds: var6:6 var8:1 var7:6 var1:0 var9:6 var3:0 var10:3 var4:0 var5:0
Execute: goal / SC / d=0

If holds: var2:0 var6:6 var8:1 var7:6 var1:0 var9:6 var3:0 var10:0
Execute: put-on-block b5 b3 / SC / d=1

If holds: var2:0 var6:6 var8:1 var7:6 var1:0 var9:6 var3:0 var10:6 var4:0 var5:0
Execute: pick-up-from-table b5 / SC / d=2

If holds: var0:0 var6:6 var8:0 var7:6 var1:0 var9:6 var3:0 var10:6 var4:0
Execute: put-on-block b3 b1 / SC / d=3

If holds: var0:0 var2:0 var6:6 var8:2 var7:6 var9:6 var3:0 var10:6 var4:0 var5:0
Execute: pick-up b3 b2 / SC / d=4

If holds: var0:0 var2:0 var6:6 var8:6 var7:6 var1:0 var9:6 var3:0 var10:6 var4:0 var5:0
Execute: pick-up-from-table b3 / SC / d=4

If holds: var0:0 var2:0 var6:6 var8:2 var7:6 var9:5 var3:0 var10:6 var5:0
Execute: pick-up b4 b5 / SC / d=5

If holds: var0:0 var2:0 var6:6 var8:2 var7:6 var9:0 var10:6 var4:0
Execute: put-down b4 / SC / d=5

If holds: var0:0 var2:0 var6:6 var8:2 var7:0 var9:5 var3:0 var10:6
Execute: put-down b2 / SC / d=6

If holds: var2:0 var6:6 var8:2 var7:1 var9:5 var3:0 var10:6 var5:0
Execute: pick-tower b3 b2 b1 / SC / d=7
