Policy:
If holds: ontable(b1)/on(b3, b1)/ontable(b2)/clear(b2)/ontable(b4)/clear(b4)/on(b5, b3)/clear(b5)/emptyhand()
Execute: goal / SC / d=0

If holds: clear(b3)/ontable(b1)/on(b3, b1)/ontable(b2)/clear(b2)/ontable(b4)/clear(b4)/holding(b5)
Execute: put-on-block b5 b3 / SC / d=1

If holds: clear(b3)/ontable(b1)/on(b3, b1)/ontable(b2)/clear(b2)/ontable(b4)/clear(b4)/ontable(b5)/clear(b5)/emptyhand()
Execute: pick-up-from-table b5 / SC / d=2

If holds: clear(b1)/ontable(b1)/holding(b3)/ontable(b2)/clear(b2)/ontable(b4)/clear(b4)/ontable(b5)/clear(b5)
Execute: put-on-block b3 b1 / SC / d=3

If holds: clear(b1)/clear(b3)/ontable(b1)/on(b3, b2)/ontable(b2)/ontable(b4)/clear(b4)/ontable(b5)/clear(b5)/emptyhand()
Execute: pick-up b3 b2 / SC / d=4

If holds: clear(b1)/clear(b3)/ontable(b1)/ontable(b3)/ontable(b2)/clear(b2)/ontable(b4)/clear(b4)/ontable(b5)/clear(b5)/emptyhand()
Execute: pick-up-from-table b3 / SC / d=4

If holds: clear(b1)/clear(b3)/ontable(b1)/on(b3, b2)/ontable(b2)/on(b4, b5)/clear(b4)/ontable(b5)/emptyhand()
Execute: pick-up b4 b5 / SC / d=5

If holds: clear(b1)/clear(b3)/ontable(b1)/on(b3, b2)/ontable(b2)/holding(b4)/ontable(b5)/clear(b5)
Execute: put-down b4 / SC / d=5

If holds: clear(b1)/clear(b3)/ontable(b1)/on(b3, b2)/holding(b2)/on(b4, b5)/clear(b4)/ontable(b5)
Execute: put-down b2 / SC / d=6

If holds: clear(b3)/ontable(b1)/on(b3, b2)/on(b2, b1)/on(b4, b5)/clear(b4)/ontable(b5)/emptyhand()
Execute: pick-tower b3 b2 b1 / SC / d=7
